# JRE version: Java(TM) SE Runtime Environment (8.0_40-b26) (build 1.8.0_40-b26)
# Java VM: Java HotSpot(TM) 64-Bit Server VM (25.40-b25 mixed mode linux-amd64 compressed oops)
Heap:
 PSYoungGen      total 264192K, used 0K [0x00000000eab00000, 0x0000000100000000, 0x0000000100000000)
  eden space 184832K, 0% used [0x00000000eab00000,0x00000000eab00000,0x00000000f5f80000)
  from space 79360K, 0% used [0x00000000f5f80000,0x00000000f5f80000,0x00000000fad00000)
  to   space 79872K, 0% used [0x00000000fb200000,0x00000000fb200000,0x0000000100000000)
 ParOldGen       total 137216K, used 122868K [0x00000000c0000000, 0x00000000c8600000, 0x00000000eab00000)
  object space 137216K, 89% used [0x00000000c0000000,0x00000000c77fd200,0x00000000c8600000)
 Metaspace       used 5824K, capacity 7088K, committed 7296K, reserved 1056768K
  class space    used 547K, capacity 616K, committed 640K, reserved 1048576K
GC Heap History (10 events):
Event: 5,368 GC heap after
Heap after GC invocations=12 (full 3):
 PSYoungGen      total 180224K, used 0K [0x00000000eab00000, 0x00000000ff080000, 0x0000000100000000)
  eden space 125440K, 0% used [0x00000000eab00000,0x00000000eab00000,0x00000000f2580000)
  from space 54784K, 0% used [0x00000000f2580000,0x00000000f2580000,0x00000000f5b00000)
  to   space 77824K, 0% used [0x00000000fa480000,0x00000000fa480000,0x00000000ff080000)
 ParOldGen       total 137216K, used 72562K [0x00000000c0000000, 0x00000000c8600000, 0x00000000eab00000)
  object space 137216K, 52% used [0x00000000c0000000,0x00000000c46dca48,0x00000000c8600000)
 Metaspace       used 5671K, capacity 6960K, committed 7040K, reserved 1056768K
  class space    used 545K, capacity 616K, committed 640K, reserved 1048576K
}
Event: 6,093 GC heap before
{Heap before GC invocations=13 (full 3):
 PSYoungGen      total 180224K, used 125440K [0x00000000eab00000, 0x00000000ff080000, 0x0000000100000000)
  eden space 125440K, 100% used [0x00000000eab00000,0x00000000f2580000,0x00000000f2580000)
  from space 54784K, 0% used [0x00000000f2580000,0x00000000f2580000,0x00000000f5b00000)
  to   space 77824K, 0% used [0x00000000fa480000,0x00000000fa480000,0x00000000ff080000)
 ParOldGen       total 137216K, used 72562K [0x00000000c0000000, 0x00000000c8600000, 0x00000000eab00000)
  object space 137216K, 52% used [0x00000000c0000000,0x00000000c46dca48,0x00000000c8600000)
 Metaspace       used 5791K, capacity 7024K, committed 7296K, reserved 1056768K
  class space    used 547K, capacity 616K, committed 640K, reserved 1048576K
Event: 6,228 GC heap after
Heap after GC invocations=13 (full 3):
 PSYoungGen      total 251904K, used 53264K [0x00000000eab00000, 0x00000000ff480000, 0x0000000100000000)
  eden space 174080K, 0% used [0x00000000eab00000,0x00000000eab00000,0x00000000f5500000)
  from space 77824K, 68% used [0x00000000fa480000,0x00000000fd884070,0x00000000ff080000)
  to   space 81408K, 0% used [0x00000000f5500000,0x00000000f5500000,0x00000000fa480000)
 ParOldGen       total 137216K, used 72570K [0x00000000c0000000, 0x00000000c8600000, 0x00000000eab00000)
  object space 137216K, 52% used [0x00000000c0000000,0x00000000c46dea48,0x00000000c8600000)
 Metaspace       used 5791K, capacity 7024K, committed 7296K, reserved 1056768K
  class space    used 547K, capacity 616K, committed 640K, reserved 1048576K
}
Event: 7,543 GC heap before
{Heap before GC invocations=14 (full 3):
 PSYoungGen      total 251904K, used 227344K [0x00000000eab00000, 0x00000000ff480000, 0x0000000100000000)
  eden space 174080K, 100% used [0x00000000eab00000,0x00000000f5500000,0x00000000f5500000)
  from space 77824K, 68% used [0x00000000fa480000,0x00000000fd884070,0x00000000ff080000)
  to   space 81408K, 0% used [0x00000000f5500000,0x00000000f5500000,0x00000000fa480000)
 ParOldGen       total 137216K, used 72570K [0x00000000c0000000, 0x00000000c8600000, 0x00000000eab00000)
  object space 137216K, 52% used [0x00000000c0000000,0x00000000c46dea48,0x00000000c8600000)
 Metaspace       used 5806K, capacity 7088K, committed 7296K, reserved 1056768K
  class space    used 547K, capacity 616K, committed 640K, reserved 1048576K
Event: 7,876 GC heap after
Heap after GC invocations=14 (full 3):
 PSYoungGen      total 255488K, used 51250K [0x00000000eab00000, 0x0000000100000000, 0x0000000100000000)
  eden space 174080K, 0% used [0x00000000eab00000,0x00000000eab00000,0x00000000f5500000)
  from space 81408K, 62% used [0x00000000f5500000,0x00000000f870c920,0x00000000fa480000)
  to   space 82944K, 0% used [0x00000000faf00000,0x00000000faf00000,0x0000000100000000)
 ParOldGen       total 137216K, used 87933K [0x00000000c0000000, 0x00000000c8600000, 0x00000000eab00000)
  object space 137216K, 64% used [0x00000000c0000000,0x00000000c55df760,0x00000000c8600000)
 Metaspace       used 5806K, capacity 7088K, committed 7296K, reserved 1056768K
  class space    used 547K, capacity 616K, committed 640K, reserved 1048576K
}
Event: 9,267 GC heap before
{Heap before GC invocations=15 (full 3):
 PSYoungGen      total 255488K, used 225330K [0x00000000eab00000, 0x0000000100000000, 0x0000000100000000)
  eden space 174080K, 100% used [0x00000000eab00000,0x00000000f5500000,0x00000000f5500000)
  from space 81408K, 62% used [0x00000000f5500000,0x00000000f870c920,0x00000000fa480000)
  to   space 82944K, 0% used [0x00000000faf00000,0x00000000faf00000,0x0000000100000000)
 ParOldGen       total 137216K, used 87933K [0x00000000c0000000, 0x00000000c8600000, 0x00000000eab00000)
  object space 137216K, 64% used [0x00000000c0000000,0x00000000c55df760,0x00000000c8600000)
 Metaspace       used 5824K, capacity 7088K, committed 7296K, reserved 1056768K
  class space    used 547K, capacity 616K, committed 640K, reserved 1048576K
Event: 9,366 GC heap after
Heap after GC invocations=15 (full 3):
 PSYoungGen      total 262144K, used 30412K [0x00000000eab00000, 0x00000000ffa80000, 0x0000000100000000)
  eden space 184832K, 0% used [0x00000000eab00000,0x00000000eab00000,0x00000000f5f80000)
  from space 77312K, 39% used [0x00000000faf00000,0x00000000fccb3258,0x00000000ffa80000)
  to   space 79360K, 0% used [0x00000000f5f80000,0x00000000f5f80000,0x00000000fad00000)
 ParOldGen       total 137216K, used 97463K [0x00000000c0000000, 0x00000000c8600000, 0x00000000eab00000)
  object space 137216K, 71% used [0x00000000c0000000,0x00000000c5f2dd08,0x00000000c8600000)
 Metaspace       used 5824K, capacity 7088K, committed 7296K, reserved 1056768K
  class space    used 547K, capacity 616K, committed 640K, reserved 1048576K
}
Event: 10,499 GC heap before
{Heap before GC invocations=16 (full 3):
 PSYoungGen      total 262144K, used 215244K [0x00000000eab00000, 0x00000000ffa80000, 0x0000000100000000)
  eden space 184832K, 100% used [0x00000000eab00000,0x00000000f5f80000,0x00000000f5f80000)
  from space 77312K, 39% used [0x00000000faf00000,0x00000000fccb3258,0x00000000ffa80000)
  to   space 79360K, 0% used [0x00000000f5f80000,0x00000000f5f80000,0x00000000fad00000)
 ParOldGen       total 137216K, used 97463K [0x00000000c0000000, 0x00000000c8600000, 0x00000000eab00000)
  object space 137216K, 71% used [0x00000000c0000000,0x00000000c5f2dd08,0x00000000c8600000)
 Metaspace       used 5824K, capacity 7088K, committed 7296K, reserved 1056768K
  class space    used 547K, capacity 616K, committed 640K, reserved 1048576K
Event: 10,663 GC heap after
Heap after GC invocations=16 (full 3):
 PSYoungGen      total 264192K, used 49143K [0x00000000eab00000, 0x0000000100000000, 0x0000000100000000)
  eden space 184832K, 0% used [0x00000000eab00000,0x00000000eab00000,0x00000000f5f80000)
  from space 79360K, 61% used [0x00000000f5f80000,0x00000000f8f7dc18,0x00000000fad00000)
  to   space 79872K, 0% used [0x00000000fb200000,0x00000000fb200000,0x0000000100000000)
 ParOldGen       total 137216K, used 117285K [0x00000000c0000000, 0x00000000c8600000, 0x00000000eab00000)
  object space 137216K, 85% used [0x00000000c0000000,0x00000000c7289708,0x00000000c8600000)
 Metaspace       used 5824K, capacity 7088K, committed 7296K, reserved 1056768K
  class space    used 547K, capacity 616K, committed 640K, reserved 1048576K
}
Event: 10,696 GC heap before
{Heap before GC invocations=17 (full 4):
 PSYoungGen      total 264192K, used 49143K [0x00000000eab00000, 0x0000000100000000, 0x0000000100000000)
  eden space 184832K, 0% used [0x00000000eab00000,0x00000000eab00000,0x00000000f5f80000)
  from space 79360K, 61% used [0x00000000f5f80000,0x00000000f8f7dc18,0x00000000fad00000)
  to   space 79872K, 0% used [0x00000000fb200000,0x00000000fb200000,0x0000000100000000)
 ParOldGen       total 137216K, used 117285K [0x00000000c0000000, 0x00000000c8600000, 0x00000000eab00000)
  object space 137216K, 85% used [0x00000000c0000000,0x00000000c7289708,0x00000000c8600000)
 Metaspace       used 5824K, capacity 7088K, committed 7296K, reserved 1056768K
  class space    used 547K, capacity 616K, committed 640K, reserved 1048576K

