# JRE version: Java(TM) SE Runtime Environment (8.0_40-b26) (build 1.8.0_40-b26)
# Java VM: Java HotSpot(TM) 64-Bit Server VM (25.40-b25 mixed mode linux-amd64 compressed oops)
Heap:
 PSYoungGen      total 202240K, used 13789K [0x00000000eab00000, 0x0000000100000000, 0x0000000100000000)
  eden space 116736K, 0% used [0x00000000eab00000,0x00000000eab00000,0x00000000f1d00000)
  from space 85504K, 16% used [0x00000000fac80000,0x00000000fb9f75b8,0x0000000100000000)
  to   space 116224K, 0% used [0x00000000f1d00000,0x00000000f1d00000,0x00000000f8e80000)
 ParOldGen       total 194048K, used 193925K [0x00000000c0000000, 0x00000000cbd80000, 0x00000000eab00000)
  object space 194048K, 99% used [0x00000000c0000000,0x00000000cbd61750,0x00000000cbd80000)
 Metaspace       used 6041K, capacity 7152K, committed 7296K, reserved 1056768K
  class space    used 567K, capacity 616K, committed 640K, reserved 1048576K
GC Heap History (10 events):
Event: 9,477 GC heap after
Heap after GC invocations=24 (full 4):
 PSYoungGen      total 237056K, used 56316K [0x00000000eab00000, 0x00000000feb80000, 0x0000000100000000)
  eden space 168960K, 0% used [0x00000000eab00000,0x00000000eab00000,0x00000000f5000000)
  from space 68096K, 82% used [0x00000000f9900000,0x00000000fcfff368,0x00000000fdb80000)
  to   space 74752K, 0% used [0x00000000f5000000,0x00000000f5000000,0x00000000f9900000)
 ParOldGen       total 194048K, used 121219K [0x00000000c0000000, 0x00000000cbd80000, 0x00000000eab00000)
  object space 194048K, 62% used [0x00000000c0000000,0x00000000c7660ff8,0x00000000cbd80000)
 Metaspace       used 5852K, capacity 7088K, committed 7296K, reserved 1056768K
  class space    used 547K, capacity 616K, committed 640K, reserved 1048576K
}
Event: 10,253 GC heap before
{Heap before GC invocations=25 (full 4):
 PSYoungGen      total 237056K, used 225276K [0x00000000eab00000, 0x00000000feb80000, 0x0000000100000000)
  eden space 168960K, 100% used [0x00000000eab00000,0x00000000f5000000,0x00000000f5000000)
  from space 68096K, 82% used [0x00000000f9900000,0x00000000fcfff368,0x00000000fdb80000)
  to   space 74752K, 0% used [0x00000000f5000000,0x00000000f5000000,0x00000000f9900000)
 ParOldGen       total 194048K, used 121219K [0x00000000c0000000, 0x00000000cbd80000, 0x00000000eab00000)
  object space 194048K, 62% used [0x00000000c0000000,0x00000000c7660ff8,0x00000000cbd80000)
 Metaspace       used 5915K, capacity 7152K, committed 7296K, reserved 1056768K
  class space    used 547K, capacity 616K, committed 640K, reserved 1048576K
Event: 10,286 GC heap after
Heap after GC invocations=25 (full 4):
 PSYoungGen      total 243712K, used 45743K [0x00000000eab00000, 0x0000000100000000, 0x0000000100000000)
  eden space 168960K, 0% used [0x00000000eab00000,0x00000000eab00000,0x00000000f5000000)
  from space 74752K, 61% used [0x00000000f5000000,0x00000000f7cabd70,0x00000000f9900000)
  to   space 75776K, 0% used [0x00000000fb600000,0x00000000fb600000,0x0000000100000000)
 ParOldGen       total 194048K, used 121227K [0x00000000c0000000, 0x00000000cbd80000, 0x00000000eab00000)
  object space 194048K, 62% used [0x00000000c0000000,0x00000000c7662ff8,0x00000000cbd80000)
 Metaspace       used 5915K, capacity 7152K, committed 7296K, reserved 1056768K
  class space    used 547K, capacity 616K, committed 640K, reserved 1048576K
}
Event: 11,161 GC heap before
{Heap before GC invocations=26 (full 4):
 PSYoungGen      total 243712K, used 214703K [0x00000000eab00000, 0x0000000100000000, 0x0000000100000000)
  eden space 168960K, 100% used [0x00000000eab00000,0x00000000f5000000,0x00000000f5000000)
  from space 74752K, 61% used [0x00000000f5000000,0x00000000f7cabd70,0x00000000f9900000)
  to   space 75776K, 0% used [0x00000000fb600000,0x00000000fb600000,0x0000000100000000)
 ParOldGen       total 194048K, used 121227K [0x00000000c0000000, 0x00000000cbd80000, 0x00000000eab00000)
  object space 194048K, 62% used [0x00000000c0000000,0x00000000c7662ff8,0x00000000cbd80000)
 Metaspace       used 6019K, capacity 7152K, committed 7296K, reserved 1056768K
  class space    used 566K, capacity 616K, committed 640K, reserved 1048576K
Event: 11,279 GC heap after
Heap after GC invocations=26 (full 4):
 PSYoungGen      total 253952K, used 71209K [0x00000000eab00000, 0x0000000100000000, 0x0000000100000000)
  eden space 178176K, 0% used [0x00000000eab00000,0x00000000eab00000,0x00000000f5900000)
  from space 75776K, 93% used [0x00000000fb600000,0x00000000ffb8a4a0,0x0000000100000000)
  to   space 85504K, 0% used [0x00000000f5900000,0x00000000f5900000,0x00000000fac80000)
 ParOldGen       total 194048K, used 121235K [0x00000000c0000000, 0x00000000cbd80000, 0x00000000eab00000)
  object space 194048K, 62% used [0x00000000c0000000,0x00000000c7664ff8,0x00000000cbd80000)
 Metaspace       used 6019K, capacity 7152K, committed 7296K, reserved 1056768K
  class space    used 566K, capacity 616K, committed 640K, reserved 1048576K
}
Event: 11,991 GC heap before
{Heap before GC invocations=27 (full 4):
 PSYoungGen      total 253952K, used 249385K [0x00000000eab00000, 0x0000000100000000, 0x0000000100000000)
  eden space 178176K, 100% used [0x00000000eab00000,0x00000000f5900000,0x00000000f5900000)
  from space 75776K, 93% used [0x00000000fb600000,0x00000000ffb8a4a0,0x0000000100000000)
  to   space 85504K, 0% used [0x00000000f5900000,0x00000000f5900000,0x00000000fac80000)
 ParOldGen       total 194048K, used 121235K [0x00000000c0000000, 0x00000000cbd80000, 0x00000000eab00000)
  object space 194048K, 62% used [0x00000000c0000000,0x00000000c7664ff8,0x00000000cbd80000)
 Metaspace       used 6035K, capacity 7152K, committed 7296K, reserved 1056768K
  class space    used 567K, capacity 616K, committed 640K, reserved 1048576K
Event: 12,080 GC heap after
Heap after GC invocations=27 (full 4):
 PSYoungGen      total 263680K, used 85475K [0x00000000eab00000, 0x0000000100000000, 0x0000000100000000)
  eden space 178176K, 0% used [0x00000000eab00000,0x00000000eab00000,0x00000000f5900000)
  from space 85504K, 99% used [0x00000000f5900000,0x00000000fac78f38,0x00000000fac80000)
  to   space 85504K, 0% used [0x00000000fac80000,0x00000000fac80000,0x0000000100000000)
 ParOldGen       total 194048K, used 134927K [0x00000000c0000000, 0x00000000cbd80000, 0x00000000eab00000)
  object space 194048K, 69% used [0x00000000c0000000,0x00000000c83c3eb8,0x00000000cbd80000)
 Metaspace       used 6035K, capacity 7152K, committed 7296K, reserved 1056768K
  class space    used 567K, capacity 616K, committed 640K, reserved 1048576K
}
Event: 12,721 GC heap before
{Heap before GC invocations=28 (full 4):
 PSYoungGen      total 263680K, used 263651K [0x00000000eab00000, 0x0000000100000000, 0x0000000100000000)
  eden space 178176K, 100% used [0x00000000eab00000,0x00000000f5900000,0x00000000f5900000)
  from space 85504K, 99% used [0x00000000f5900000,0x00000000fac78f38,0x00000000fac80000)
  to   space 85504K, 0% used [0x00000000fac80000,0x00000000fac80000,0x0000000100000000)
 ParOldGen       total 194048K, used 134927K [0x00000000c0000000, 0x00000000cbd80000, 0x00000000eab00000)
  object space 194048K, 69% used [0x00000000c0000000,0x00000000c83c3eb8,0x00000000cbd80000)
 Metaspace       used 6041K, capacity 7152K, committed 7296K, reserved 1056768K
  class space    used 567K, capacity 616K, committed 640K, reserved 1048576K
Event: 12,862 GC heap after
Heap after GC invocations=28 (full 4):
 PSYoungGen      total 202240K, used 85497K [0x00000000eab00000, 0x0000000100000000, 0x0000000100000000)
  eden space 116736K, 0% used [0x00000000eab00000,0x00000000eab00000,0x00000000f1d00000)
  from space 85504K, 99% used [0x00000000fac80000,0x00000000ffffe7d0,0x0000000100000000)
  to   space 116224K, 0% used [0x00000000f1d00000,0x00000000f1d00000,0x00000000f8e80000)
 ParOldGen       total 194048K, used 165368K [0x00000000c0000000, 0x00000000cbd80000, 0x00000000eab00000)
  object space 194048K, 85% used [0x00000000c0000000,0x00000000ca17e048,0x00000000cbd80000)
 Metaspace       used 6041K, capacity 7152K, committed 7296K, reserved 1056768K
  class space    used 567K, capacity 616K, committed 640K, reserved 1048576K
}
Event: 12,863 GC heap before
{Heap before GC invocations=29 (full 5):
 PSYoungGen      total 202240K, used 85497K [0x00000000eab00000, 0x0000000100000000, 0x0000000100000000)
  eden space 116736K, 0% used [0x00000000eab00000,0x00000000eab00000,0x00000000f1d00000)
  from space 85504K, 99% used [0x00000000fac80000,0x00000000ffffe7d0,0x0000000100000000)
  to   space 116224K, 0% used [0x00000000f1d00000,0x00000000f1d00000,0x00000000f8e80000)
 ParOldGen       total 194048K, used 165368K [0x00000000c0000000, 0x00000000cbd80000, 0x00000000eab00000)
  object space 194048K, 85% used [0x00000000c0000000,0x00000000ca17e048,0x00000000cbd80000)
 Metaspace       used 6041K, capacity 7152K, committed 7296K, reserved 1056768K
  class space    used 567K, capacity 616K, committed 640K, reserved 1048576K

